<?xml version="1.0" encoding="UTF-8"?>
<!-- Generated by org.testng.reporters.JUnitXMLReporter -->
<testsuite ignored="0" hostname="DESKTOP-1AO5130" failures="1" tests="2" name="FlipboardLoginTest" time="19.019" errors="0" timestamp="2021-09-17T18:20:23 EDT">
  <testcase classname="testcases.FlipboardLoginTest" name="validateGetStartedButton" time="0.194">
    <failure type="java.lang.AssertionError" message="The test is failed">
      <![CDATA[java.lang.AssertionError: The test is failed
at testcases.FlipboardLoginTest.validateGetStartedButton(FlipboardLoginTest.java:37)
at java.base/java.util.ArrayList.forEach(ArrayList.java:1511)
... Removed 28 stack frames]]>
    </failure>
  </testcase> <!-- validateGetStartedButton -->
  <testcase classname="testcases.FlipboardLoginTest" name="chooseTopicsTest" time="3.064"/>
</testsuite> <!-- FlipboardLoginTest -->
