<!DOCTYPE html PUBLIC "-//W3C//DTD XHTML 1.1//EN" "https://www.w3.org/TR/xhtml11/DTD/xhtml11.dtd">
<html xmlns="https://www.w3.org/1999/xhtml">
<head>
<meta http-equiv="content-type" content="text/html; charset=UTF-8"/>
<title>TestNG Report</title>
<style type="text/css">table {margin-bottom:10px;border-collapse:collapse;empty-cells:show}th,td {border:1px solid #009;padding:.25em .5em}th {vertical-align:bottom}td {vertical-align:top}table a {font-weight:bold}.stripe td {background-color: #E6EBF9}.num {text-align:right}.passedodd td {background-color: #3F3}.passedeven td {background-color: #0A0}.skippedodd td {background-color: #DDD}.skippedeven td {background-color: #CCC}.failedodd td,.attn {background-color: #F33}.failedeven td,.stripe .attn {background-color: #D00}.stacktrace {white-space:pre;font-family:monospace}.totop {font-size:85%;text-align:center;border-bottom:2px solid #000}.invisible {display:none}</style>
</head>
<body>
<table>
<tr><th>Test</th><th># Passed</th><th># Skipped</th><th># Retried</th><th># Failed</th><th>Time (ms)</th><th>Included Groups</th><th>Excluded Groups</th></tr>
<tr><th colspan="8">Suite</th></tr>
<tr><td><a href="#t0">FlipboardLoginTest</a></td><td class="num">1</td><td class="num">0</td><td class="num">0</td><td class="num attn">1</td><td class="num">19,019</td><td></td><td></td></tr>
<tr class="stripe"><td><a href="#t1">Title Section Test</a></td><td class="num">0</td><td class="num attn">1</td><td class="num">0</td><td class="num">0</td><td class="num">12,946</td><td></td><td></td></tr>
<tr><td><a href="#t2">Search Item Test</a></td><td class="num">1</td><td class="num">0</td><td class="num">0</td><td class="num">0</td><td class="num">33,227</td><td></td><td></td></tr>
<tr><th>Total</th><th class="num">2</th><th class="num attn">1</th><th class="num">0</th><th class="num attn">1</th><th class="num">65,192</th><th colspan="2"></th></tr>
</table>
<table id='summary'><thead><tr><th>Class</th><th>Method</th><th>Start</th><th>Time (ms)</th></tr></thead><tbody><tr><th colspan="4">Suite</th></tr></tbody><tbody id="t0"><tr><th colspan="4">FlipboardLoginTest &#8212; failed</th></tr><tr class="failedeven"><td rowspan="1">testcases.FlipboardLoginTest</td><td><a href="#m0">validateGetStartedButton</a></td><td rowspan="1">1631917215623</td><td rowspan="1">194</td></tr><tr><th colspan="4">FlipboardLoginTest &#8212; passed</th></tr><tr class="passedeven"><td rowspan="1">testcases.FlipboardLoginTest</td><td><a href="#m1">chooseTopicsTest</a></td><td rowspan="1">1631917217186</td><td rowspan="1">3064</td></tr></tbody>
<tbody id="t1"><tr><th colspan="4">Title Section Test &#8212; skipped</th></tr><tr class="skippedeven"><td rowspan="1">testcases.TitleSectionTest</td><td><a href="#m2">validateTitle</a></td><td rowspan="1">1631917233358</td><td rowspan="1">72</td></tr></tbody>
<tbody id="t2"><tr><th colspan="4">Search Item Test &#8212; passed</th></tr><tr class="passedeven"><td rowspan="1">testcases.SearchItemTest</td><td><a href="#m3">searchItemTest</a></td><td rowspan="1">1631917246415</td><td rowspan="1">20344</td></tr></tbody>
</table>
<h2>FlipboardLoginTest</h2><h3 id="m0">testcases.FlipboardLoginTest#validateGetStartedButton</h3><table class="result"><tr class="param"><th>Parameter #1</th></tr><tr class="param stripe"><td>{RunMode=Y, TestData=NA}</td></tr><tr><th>Exception</th></tr><tr><td><div class="stacktrace">java.lang.AssertionError: The test is failed
	at testcases.FlipboardLoginTest.validateGetStartedButton(FlipboardLoginTest.java:37)
	at java.base/java.util.ArrayList.forEach(ArrayList.java:1511)
... Removed 28 stack frames</div></td></tr></table><p class="totop"><a href="#summary">back to summary</a></p>
<h3 id="m1">testcases.FlipboardLoginTest#chooseTopicsTest</h3><table class="result"><tr class="param"><th>Parameter #1</th></tr><tr class="param stripe"><td>{RunMode=Y, TestData=NA}</td></tr></table><p class="totop"><a href="#summary">back to summary</a></p>
<h2>Title Section Test</h2><h3 id="m2">testcases.TitleSectionTest#validateTitle</h3><table class="result"><tr class="param"><th>Parameter #1</th></tr><tr class="param stripe"><td>{RunMode=Y, TestData=NA}</td></tr><tr><th>Exception</th></tr><tr><td><div class="stacktrace">org.testng.SkipException: Skipping the test validateTitle as runMode of testCase validateTitle is NO
	at com.utilities.DataUtil.checkExecution(DataUtil.java:119)
	at testcases.TitleSectionTest.validateTitle(TitleSectionTest.java:35)
	at java.base/java.util.ArrayList.forEach(ArrayList.java:1511)
... Removed 27 stack frames</div></td></tr></table><p class="totop"><a href="#summary">back to summary</a></p>
<h2>Search Item Test</h2><h3 id="m3">testcases.SearchItemTest#searchItemTest</h3><table class="result"><tr class="param"><th>Parameter #1</th></tr><tr class="param stripe"><td>{RunMode=Y, searchText=Twitter}</td></tr></table><p class="totop"><a href="#summary">back to summary</a></p>
</body>
</html>
