<?xml version="1.0" encoding="UTF-8"?>
<testng-results ignored="0" total="4" passed="2" failed="1" skipped="1">
  <reporter-output>
  </reporter-output>
  <suite started-at="2021-09-17T18:20:04 EDT" name="Suite" finished-at="2021-09-17T18:21:10 EDT" duration-ms="65545">
    <groups>
    </groups>
    <test started-at="2021-09-17T18:20:04 EDT" name="FlipboardLoginTest" finished-at="2021-09-17T18:20:23 EDT" duration-ms="19019">
      <class name="testcases.FlipboardLoginTest">
        <test-method is-config="true" signature="initDriver()[pri:0, instance:testcases.FlipboardLoginTest@48e1f6c7]" started-at="2021-09-17T18:20:04 EDT" name="initDriver" finished-at="2021-09-17T18:20:14 EDT" duration-ms="10151" status="PASS">
          <reporter-output>
          </reporter-output>
        </test-method> <!-- initDriver -->
        <test-method signature="validateGetStartedButton(java.util.Hashtable)[pri:1, instance:testcases.FlipboardLoginTest@48e1f6c7]" started-at="2021-09-17T18:20:15 EDT" name="validateGetStartedButton" data-provider="flipBoard" finished-at="2021-09-17T18:20:15 EDT" duration-ms="194" status="FAIL">
          <params>
            <param index="0">
              <value>
                <![CDATA[{RunMode=Y, TestData=NA}]]>
              </value>
            </param>
          </params>
          <exception class="java.lang.AssertionError">
            <message>
              <![CDATA[The test is failed]]>
            </message>
            <full-stacktrace>
              <![CDATA[java.lang.AssertionError: The test is failed
at org.testng.Assert.fail(Assert.java:99)
at testcases.FlipboardLoginTest.validateGetStartedButton(FlipboardLoginTest.java:37)
at java.base/jdk.internal.reflect.NativeMethodAccessorImpl.invoke0(Native Method)
at java.base/jdk.internal.reflect.NativeMethodAccessorImpl.invoke(NativeMethodAccessorImpl.java:64)
at java.base/jdk.internal.reflect.DelegatingMethodAccessorImpl.invoke(DelegatingMethodAccessorImpl.java:43)
at java.base/java.lang.reflect.Method.invoke(Method.java:564)
at org.testng.internal.MethodInvocationHelper.invokeMethod(MethodInvocationHelper.java:132)
at org.testng.internal.TestInvoker.invokeMethod(TestInvoker.java:599)
at org.testng.internal.TestInvoker.invokeTestMethod(TestInvoker.java:174)
at org.testng.internal.MethodRunner.runInSequence(MethodRunner.java:46)
at org.testng.internal.TestInvoker$MethodInvocationAgent.invoke(TestInvoker.java:822)
at org.testng.internal.TestInvoker.invokeTestMethods(TestInvoker.java:147)
at org.testng.internal.TestMethodWorker.invokeTestMethods(TestMethodWorker.java:146)
at org.testng.internal.TestMethodWorker.run(TestMethodWorker.java:128)
at java.base/java.util.ArrayList.forEach(ArrayList.java:1511)
at org.testng.TestRunner.privateRun(TestRunner.java:764)
at org.testng.TestRunner.run(TestRunner.java:585)
at org.testng.SuiteRunner.runTest(SuiteRunner.java:384)
at org.testng.SuiteRunner.runSequentially(SuiteRunner.java:378)
at org.testng.SuiteRunner.privateRun(SuiteRunner.java:337)
at org.testng.SuiteRunner.run(SuiteRunner.java:286)
at org.testng.SuiteRunnerWorker.runSuite(SuiteRunnerWorker.java:53)
at org.testng.SuiteRunnerWorker.run(SuiteRunnerWorker.java:96)
at org.testng.TestNG.runSuitesSequentially(TestNG.java:1218)
at org.testng.TestNG.runSuitesLocally(TestNG.java:1140)
at org.testng.TestNG.runSuites(TestNG.java:1069)
at org.testng.TestNG.run(TestNG.java:1037)
at org.testng.remote.AbstractRemoteTestNG.run(AbstractRemoteTestNG.java:115)
at org.testng.remote.RemoteTestNG.initAndRun(RemoteTestNG.java:251)
at org.testng.remote.RemoteTestNG.main(RemoteTestNG.java:77)
]]>
            </full-stacktrace>
          </exception> <!-- java.lang.AssertionError -->
          <reporter-output>
          </reporter-output>
        </test-method> <!-- validateGetStartedButton -->
        <test-method signature="chooseTopicsTest(java.util.Hashtable)[pri:2, instance:testcases.FlipboardLoginTest@48e1f6c7]" started-at="2021-09-17T18:20:17 EDT" name="chooseTopicsTest" data-provider="flipBoard" finished-at="2021-09-17T18:20:20 EDT" duration-ms="3064" status="PASS">
          <params>
            <param index="0">
              <value>
                <![CDATA[{RunMode=Y, TestData=NA}]]>
              </value>
            </param>
          </params>
          <reporter-output>
          </reporter-output>
        </test-method> <!-- chooseTopicsTest -->
        <test-method is-config="true" signature="quitDriver()[pri:0, instance:testcases.FlipboardLoginTest@48e1f6c7]" started-at="2021-09-17T18:20:20 EDT" name="quitDriver" finished-at="2021-09-17T18:20:23 EDT" duration-ms="3485" status="PASS">
          <reporter-output>
          </reporter-output>
        </test-method> <!-- quitDriver -->
      </class> <!-- testcases.FlipboardLoginTest -->
    </test> <!-- FlipboardLoginTest -->
    <test started-at="2021-09-17T18:20:24 EDT" name="Title Section Test" finished-at="2021-09-17T18:20:36 EDT" duration-ms="12946">
      <class name="testcases.TitleSectionTest">
        <test-method is-config="true" signature="initTest()[pri:0, instance:testcases.TitleSectionTest@34bde49d]" started-at="2021-09-17T18:20:24 EDT" name="initTest" finished-at="2021-09-17T18:20:33 EDT" duration-ms="9270" status="PASS">
          <reporter-output>
          </reporter-output>
        </test-method> <!-- initTest -->
        <test-method signature="validateTitle(java.util.Hashtable)[pri:0, instance:testcases.TitleSectionTest@34bde49d]" started-at="2021-09-17T18:20:33 EDT" name="validateTitle" data-provider="flipBoard" finished-at="2021-09-17T18:20:33 EDT" duration-ms="72" status="SKIP">
          <params>
            <param index="0">
              <value>
                <![CDATA[{RunMode=Y, TestData=NA}]]>
              </value>
            </param>
          </params>
          <exception class="org.testng.SkipException">
            <message>
              <![CDATA[Skipping the test validateTitle as runMode of testCase validateTitle is NO]]>
            </message>
            <full-stacktrace>
              <![CDATA[org.testng.SkipException: Skipping the test validateTitle as runMode of testCase validateTitle is NO
at com.utilities.DataUtil.checkExecution(DataUtil.java:119)
at testcases.TitleSectionTest.validateTitle(TitleSectionTest.java:35)
at java.base/jdk.internal.reflect.NativeMethodAccessorImpl.invoke0(Native Method)
at java.base/jdk.internal.reflect.NativeMethodAccessorImpl.invoke(NativeMethodAccessorImpl.java:64)
at java.base/jdk.internal.reflect.DelegatingMethodAccessorImpl.invoke(DelegatingMethodAccessorImpl.java:43)
at java.base/java.lang.reflect.Method.invoke(Method.java:564)
at org.testng.internal.MethodInvocationHelper.invokeMethod(MethodInvocationHelper.java:132)
at org.testng.internal.TestInvoker.invokeMethod(TestInvoker.java:599)
at org.testng.internal.TestInvoker.invokeTestMethod(TestInvoker.java:174)
at org.testng.internal.MethodRunner.runInSequence(MethodRunner.java:46)
at org.testng.internal.TestInvoker$MethodInvocationAgent.invoke(TestInvoker.java:822)
at org.testng.internal.TestInvoker.invokeTestMethods(TestInvoker.java:147)
at org.testng.internal.TestMethodWorker.invokeTestMethods(TestMethodWorker.java:146)
at org.testng.internal.TestMethodWorker.run(TestMethodWorker.java:128)
at java.base/java.util.ArrayList.forEach(ArrayList.java:1511)
at org.testng.TestRunner.privateRun(TestRunner.java:764)
at org.testng.TestRunner.run(TestRunner.java:585)
at org.testng.SuiteRunner.runTest(SuiteRunner.java:384)
at org.testng.SuiteRunner.runSequentially(SuiteRunner.java:378)
at org.testng.SuiteRunner.privateRun(SuiteRunner.java:337)
at org.testng.SuiteRunner.run(SuiteRunner.java:286)
at org.testng.SuiteRunnerWorker.runSuite(SuiteRunnerWorker.java:53)
at org.testng.SuiteRunnerWorker.run(SuiteRunnerWorker.java:96)
at org.testng.TestNG.runSuitesSequentially(TestNG.java:1218)
at org.testng.TestNG.runSuitesLocally(TestNG.java:1140)
at org.testng.TestNG.runSuites(TestNG.java:1069)
at org.testng.TestNG.run(TestNG.java:1037)
at org.testng.remote.AbstractRemoteTestNG.run(AbstractRemoteTestNG.java:115)
at org.testng.remote.RemoteTestNG.initAndRun(RemoteTestNG.java:251)
at org.testng.remote.RemoteTestNG.main(RemoteTestNG.java:77)
]]>
            </full-stacktrace>
          </exception> <!-- org.testng.SkipException -->
          <reporter-output>
          </reporter-output>
        </test-method> <!-- validateTitle -->
        <test-method is-config="true" signature="quitDriver()[pri:0, instance:testcases.TitleSectionTest@34bde49d]" started-at="2021-09-17T18:20:33 EDT" name="quitDriver" finished-at="2021-09-17T18:20:36 EDT" duration-ms="3559" status="PASS">
          <reporter-output>
          </reporter-output>
        </test-method> <!-- quitDriver -->
      </class> <!-- testcases.TitleSectionTest -->
    </test> <!-- Title Section Test -->
    <test started-at="2021-09-17T18:20:37 EDT" name="Search Item Test" finished-at="2021-09-17T18:21:10 EDT" duration-ms="33227">
      <class name="testcases.SearchItemTest">
        <test-method is-config="true" signature="initDriver()[pri:0, instance:testcases.SearchItemTest@1be2019a]" started-at="2021-09-17T18:20:37 EDT" name="initDriver" finished-at="2021-09-17T18:20:46 EDT" duration-ms="9343" status="PASS">
          <reporter-output>
          </reporter-output>
        </test-method> <!-- initDriver -->
        <test-method signature="searchItemTest(java.util.Hashtable)[pri:1, instance:testcases.SearchItemTest@1be2019a]" started-at="2021-09-17T18:20:46 EDT" name="searchItemTest" data-provider="flipBoard" finished-at="2021-09-17T18:21:06 EDT" duration-ms="20344" status="PASS">
          <params>
            <param index="0">
              <value>
                <![CDATA[{RunMode=Y, searchText=Twitter}]]>
              </value>
            </param>
          </params>
          <reporter-output>
          </reporter-output>
        </test-method> <!-- searchItemTest -->
        <test-method is-config="true" signature="quitDriver()[pri:0, instance:testcases.SearchItemTest@1be2019a]" started-at="2021-09-17T18:21:06 EDT" name="quitDriver" finished-at="2021-09-17T18:21:10 EDT" duration-ms="3504" status="PASS">
          <reporter-output>
          </reporter-output>
        </test-method> <!-- quitDriver -->
      </class> <!-- testcases.SearchItemTest -->
    </test> <!-- Search Item Test -->
  </suite> <!-- Suite -->
</testng-results>
